{"/home/hmars/repos/ecommerce-backend/src/config.ts": {"path":"/home/hmars/repos/ecommerce-backend/src/config.ts","statementMap":{"0":{"start":{"line":1,"column":0},"end":{"line":6,"column":null}}},"fnMap":{},"branchMap":{"0":{"loc":{"start":{"line":2,"column":10},"end":{"line":2,"column":39}},"type":"binary-expr","locations":[{"start":{"line":2,"column":10},"end":{"line":2,"column":26}},{"start":{"line":2,"column":30},"end":{"line":2,"column":39}}]},"1":{"loc":{"start":{"line":3,"column":10},"end":{"line":3,"column":64}},"type":"cond-expr","locations":[{"start":{"line":3,"column":31},"end":{"line":3,"column":57}},{"start":{"line":3,"column":60},"end":{"line":3,"column":64}}]},"2":{"loc":{"start":{"line":4,"column":15},"end":{"line":4,"column":92}},"type":"binary-expr","locations":[{"start":{"line":4,"column":15},"end":{"line":4,"column":36}},{"start":{"line":4,"column":40},"end":{"line":4,"column":92}}]},"3":{"loc":{"start":{"line":5,"column":16},"end":{"line":5,"column":57}},"type":"binary-expr","locations":[{"start":{"line":5,"column":16},"end":{"line":5,"column":38}},{"start":{"line":5,"column":42},"end":{"line":5,"column":57}}]}},"s":{"0":3},"f":{},"b":{"0":[3,3],"1":[0,3],"2":[3,3],"3":[3,3]}}
,"/home/hmars/repos/ecommerce-backend/src/server/index.ts": {"path":"/home/hmars/repos/ecommerce-backend/src/server/index.ts","statementMap":{"0":{"start":{"line":1,"column":0},"end":{"line":1,"column":41}},"1":{"start":{"line":2,"column":0},"end":{"line":2,"column":38}},"2":{"start":{"line":3,"column":0},"end":{"line":3,"column":24}},"3":{"start":{"line":4,"column":0},"end":{"line":4,"column":30}},"4":{"start":{"line":5,"column":0},"end":{"line":5,"column":28}},"5":{"start":{"line":7,"column":0},"end":{"line":7,"column":30}},"6":{"start":{"line":8,"column":0},"end":{"line":8,"column":46}},"7":{"start":{"line":14,"column":2},"end":{"line":14,"column":23}},"8":{"start":{"line":16,"column":2},"end":{"line":16,"column":33}},"9":{"start":{"line":17,"column":2},"end":{"line":17,"column":30}},"10":{"start":{"line":18,"column":2},"end":{"line":18,"column":25}},"11":{"start":{"line":19,"column":2},"end":{"line":19,"column":46}},"12":{"start":{"line":20,"column":2},"end":{"line":20,"column":68}},"13":{"start":{"line":21,"column":2},"end":{"line":21,"column":31}},"14":{"start":{"line":22,"column":2},"end":{"line":22,"column":23}},"15":{"start":{"line":24,"column":2},"end":{"line":24,"column":37}},"16":{"start":{"line":26,"column":2},"end":{"line":26,"column":29}},"17":{"start":{"line":30,"column":8},"end":{"line":30,"column":102}},"18":{"start":{"line":31,"column":8},"end":{"line":31,"column":null}},"19":{"start":{"line":10,"column":0},"end":{"line":10,"column":21}}},"fnMap":{"0":{"name":"(anonymous_1)","decl":{"start":{"line":13,"column":1},"end":{"line":13,"column":null}},"loc":{"start":{"line":13,"column":1},"end":{"line":27,"column":2}}},"1":{"name":"(anonymous_2)","decl":{"start":{"line":29,"column":1},"end":{"line":29,"column":6}},"loc":{"start":{"line":29,"column":40},"end":{"line":32,"column":2}}}},"branchMap":{},"s":{"0":3,"1":3,"2":3,"3":3,"4":3,"5":3,"6":3,"7":3,"8":3,"9":3,"10":3,"11":3,"12":3,"13":3,"14":3,"15":3,"16":3,"17":0,"18":0,"19":3},"f":{"0":3,"1":0},"b":{}}
,"/home/hmars/repos/ecommerce-backend/src/server/router.ts": {"path":"/home/hmars/repos/ecommerce-backend/src/server/router.ts","statementMap":{"0":{"start":{"line":15,"column":0},"end":{"line":15,"column":24}},"1":{"start":{"line":1,"column":0},"end":{"line":1,"column":30}},"2":{"start":{"line":3,"column":0},"end":{"line":3,"column":49}},"3":{"start":{"line":4,"column":0},"end":{"line":4,"column":46}},"4":{"start":{"line":5,"column":20},"end":{"line":5,"column":37}},"5":{"start":{"line":7,"column":0},"end":{"line":7,"column":56}},"6":{"start":{"line":8,"column":0},"end":{"line":8,"column":54}},"7":{"start":{"line":9,"column":23},"end":{"line":9,"column":43}},"8":{"start":{"line":11,"column":0},"end":{"line":11,"column":49}},"9":{"start":{"line":12,"column":0},"end":{"line":12,"column":47}},"10":{"start":{"line":13,"column":20},"end":{"line":13,"column":37}},"11":{"start":{"line":16,"column":19},"end":{"line":16,"column":35}},"12":{"start":{"line":18,"column":4},"end":{"line":18,"column":49}},"13":{"start":{"line":19,"column":4},"end":{"line":19,"column":59}},"14":{"start":{"line":20,"column":4},"end":{"line":20,"column":49}},"15":{"start":{"line":22,"column":4},"end":{"line":24,"column":4}},"16":{"start":{"line":23,"column":2},"end":{"line":23,"column":27}},"17":{"start":{"line":26,"column":1},"end":{"line":28,"column":4}},"18":{"start":{"line":27,"column":2},"end":{"line":27,"column":25}},"19":{"start":{"line":30,"column":4},"end":{"line":30,"column":18}}},"fnMap":{"0":{"name":"Router","decl":{"start":{"line":15,"column":24},"end":{"line":15,"column":30}},"loc":{"start":{"line":15,"column":30},"end":{"line":31,"column":1}}},"1":{"name":"(anonymous_2)","decl":{"start":{"line":22,"column":20},"end":{"line":22,"column":21}},"loc":{"start":{"line":22,"column":33},"end":{"line":24,"column":2}}},"2":{"name":"(anonymous_3)","decl":{"start":{"line":26,"column":21},"end":{"line":26,"column":22}},"loc":{"start":{"line":26,"column":34},"end":{"line":28,"column":2}}}},"branchMap":{},"s":{"0":3,"1":3,"2":3,"3":3,"4":3,"5":3,"6":3,"7":3,"8":3,"9":3,"10":3,"11":3,"12":3,"13":3,"14":3,"15":3,"16":0,"17":3,"18":0,"19":3},"f":{"0":3,"1":0,"2":0},"b":{}}
,"/home/hmars/repos/ecommerce-backend/src/server/domains/auth/route.ts": {"path":"/home/hmars/repos/ecommerce-backend/src/server/domains/auth/route.ts","statementMap":{"0":{"start":{"line":5,"column":0},"end":{"line":5,"column":24}},"1":{"start":{"line":1,"column":0},"end":{"line":1,"column":29}},"2":{"start":{"line":2,"column":0},"end":{"line":2,"column":48}},"3":{"start":{"line":6,"column":19},"end":{"line":6,"column":27}},"4":{"start":{"line":8,"column":4},"end":{"line":20,"column":4}},"5":{"start":{"line":9,"column":2},"end":{"line":19,"column":3}},"6":{"start":{"line":10,"column":20},"end":{"line":10,"column":37}},"7":{"start":{"line":11,"column":20},"end":{"line":11,"column":37}},"8":{"start":{"line":13,"column":3},"end":{"line":13,"column":115}},"9":{"start":{"line":13,"column":31},"end":{"line":13,"column":115}},"10":{"start":{"line":15,"column":23},"end":{"line":15,"column":71}},"11":{"start":{"line":16,"column":3},"end":{"line":16,"column":47}},"12":{"start":{"line":18,"column":3},"end":{"line":18,"column":15}},"13":{"start":{"line":22,"column":4},"end":{"line":34,"column":4}},"14":{"start":{"line":23,"column":2},"end":{"line":33,"column":3}},"15":{"start":{"line":24,"column":20},"end":{"line":24,"column":37}},"16":{"start":{"line":25,"column":20},"end":{"line":25,"column":37}},"17":{"start":{"line":27,"column":3},"end":{"line":27,"column":115}},"18":{"start":{"line":27,"column":31},"end":{"line":27,"column":115}},"19":{"start":{"line":29,"column":18},"end":{"line":29,"column":61}},"20":{"start":{"line":30,"column":3},"end":{"line":30,"column":32}},"21":{"start":{"line":32,"column":3},"end":{"line":32,"column":15}},"22":{"start":{"line":36,"column":4},"end":{"line":36,"column":18}}},"fnMap":{"0":{"name":"AuthRouter","decl":{"start":{"line":5,"column":24},"end":{"line":5,"column":34}},"loc":{"start":{"line":5,"column":59},"end":{"line":37,"column":1}}},"1":{"name":"(anonymous_2)","decl":{"start":{"line":8,"column":29},"end":{"line":8,"column":34}},"loc":{"start":{"line":8,"column":54},"end":{"line":20,"column":2}}},"2":{"name":"(anonymous_3)","decl":{"start":{"line":22,"column":26},"end":{"line":22,"column":31}},"loc":{"start":{"line":22,"column":51},"end":{"line":34,"column":2}}}},"branchMap":{"0":{"loc":{"start":{"line":13,"column":3},"end":{"line":13,"column":115}},"type":"if","locations":[{"start":{"line":13,"column":3},"end":{"line":13,"column":115}}]},"1":{"loc":{"start":{"line":13,"column":7},"end":{"line":13,"column":29}},"type":"binary-expr","locations":[{"start":{"line":13,"column":7},"end":{"line":13,"column":16}},{"start":{"line":13,"column":20},"end":{"line":13,"column":29}}]},"2":{"loc":{"start":{"line":27,"column":3},"end":{"line":27,"column":115}},"type":"if","locations":[{"start":{"line":27,"column":3},"end":{"line":27,"column":115}}]},"3":{"loc":{"start":{"line":27,"column":7},"end":{"line":27,"column":29}},"type":"binary-expr","locations":[{"start":{"line":27,"column":7},"end":{"line":27,"column":16}},{"start":{"line":27,"column":20},"end":{"line":27,"column":29}}]}},"s":{"0":3,"1":3,"2":3,"3":3,"4":3,"5":3,"6":3,"7":3,"8":3,"9":0,"10":3,"11":2,"12":1,"13":3,"14":3,"15":3,"16":3,"17":3,"18":0,"19":3,"20":2,"21":1,"22":3},"f":{"0":3,"1":3,"2":3},"b":{"0":[0],"1":[3,3],"2":[0],"3":[3,3]}}
,"/home/hmars/repos/ecommerce-backend/src/server/domains/auth/service.ts": {"path":"/home/hmars/repos/ecommerce-backend/src/server/domains/auth/service.ts","statementMap":{"0":{"start":{"line":1,"column":0},"end":{"line":1,"column":30}},"1":{"start":{"line":2,"column":0},"end":{"line":2,"column":31}},"2":{"start":{"line":4,"column":0},"end":{"line":4,"column":37}},"3":{"start":{"line":5,"column":0},"end":{"line":5,"column":50}},"4":{"start":{"line":6,"column":0},"end":{"line":6,"column":48}},"5":{"start":{"line":11,"column":26},"end":{"line":11,"column":63}},"6":{"start":{"line":12,"column":8},"end":{"line":12,"column":71}},"7":{"start":{"line":12,"column":23},"end":{"line":12,"column":71}},"8":{"start":{"line":14,"column":31},"end":{"line":14,"column":59}},"9":{"start":{"line":15,"column":21},"end":{"line":15,"column":86}},"10":{"start":{"line":16,"column":8},"end":{"line":16,"column":33}},"11":{"start":{"line":20,"column":26},"end":{"line":20,"column":63}},"12":{"start":{"line":21,"column":8},"end":{"line":21,"column":67}},"13":{"start":{"line":21,"column":24},"end":{"line":21,"column":67}},"14":{"start":{"line":23,"column":32},"end":{"line":23,"column":80}},"15":{"start":{"line":24,"column":8},"end":{"line":24,"column":75}},"16":{"start":{"line":24,"column":30},"end":{"line":24,"column":75}},"17":{"start":{"line":26,"column":22},"end":{"line":26,"column":93}},"18":{"start":{"line":27,"column":8},"end":{"line":27,"column":23}},"19":{"start":{"line":8,"column":0},"end":{"line":8,"column":21}}},"fnMap":{"0":{"name":"(anonymous_1)","decl":{"start":{"line":10,"column":4},"end":{"line":10,"column":9}},"loc":{"start":{"line":10,"column":55},"end":{"line":17,"column":7}}},"1":{"name":"(anonymous_2)","decl":{"start":{"line":19,"column":4},"end":{"line":19,"column":9}},"loc":{"start":{"line":19,"column":50},"end":{"line":28,"column":5}}}},"branchMap":{"0":{"loc":{"start":{"line":12,"column":8},"end":{"line":12,"column":71}},"type":"if","locations":[{"start":{"line":12,"column":8},"end":{"line":12,"column":71}}]},"1":{"loc":{"start":{"line":21,"column":8},"end":{"line":21,"column":67}},"type":"if","locations":[{"start":{"line":21,"column":8},"end":{"line":21,"column":67}}]},"2":{"loc":{"start":{"line":24,"column":8},"end":{"line":24,"column":75}},"type":"if","locations":[{"start":{"line":24,"column":8},"end":{"line":24,"column":75}}]}},"s":{"0":3,"1":3,"2":3,"3":3,"4":3,"5":3,"6":3,"7":1,"8":2,"9":2,"10":2,"11":3,"12":3,"13":0,"14":3,"15":3,"16":1,"17":2,"18":2,"19":3},"f":{"0":3,"1":3},"b":{"0":[1],"1":[0],"2":[1]}}
,"/home/hmars/repos/ecommerce-backend/src/server/domains/cart/router.ts": {"path":"/home/hmars/repos/ecommerce-backend/src/server/domains/cart/router.ts","statementMap":{"0":{"start":{"line":5,"column":0},"end":{"line":5,"column":24}},"1":{"start":{"line":1,"column":0},"end":{"line":1,"column":29}},"2":{"start":{"line":3,"column":0},"end":{"line":3,"column":60}},"3":{"start":{"line":6,"column":19},"end":{"line":6,"column":27}},"4":{"start":{"line":8,"column":4},"end":{"line":18,"column":7}},"5":{"start":{"line":9,"column":8},"end":{"line":17,"column":9}},"6":{"start":{"line":10,"column":25},"end":{"line":10,"column":82}},"7":{"start":{"line":11,"column":12},"end":{"line":13,"column":13}},"8":{"start":{"line":12,"column":16},"end":{"line":12,"column":75}},"9":{"start":{"line":14,"column":12},"end":{"line":14,"column":39}},"10":{"start":{"line":16,"column":12},"end":{"line":16,"column":78}},"11":{"start":{"line":20,"column":4},"end":{"line":31,"column":7}},"12":{"start":{"line":21,"column":40},"end":{"line":21,"column":48}},"13":{"start":{"line":22,"column":8},"end":{"line":30,"column":9}},"14":{"start":{"line":23,"column":25},"end":{"line":23,"column":97}},"15":{"start":{"line":24,"column":12},"end":{"line":26,"column":13}},"16":{"start":{"line":25,"column":16},"end":{"line":25,"column":75}},"17":{"start":{"line":27,"column":12},"end":{"line":27,"column":39}},"18":{"start":{"line":29,"column":12},"end":{"line":29,"column":82}},"19":{"start":{"line":33,"column":4},"end":{"line":44,"column":7}},"20":{"start":{"line":34,"column":30},"end":{"line":34,"column":40}},"21":{"start":{"line":35,"column":8},"end":{"line":43,"column":9}},"22":{"start":{"line":36,"column":25},"end":{"line":36,"column":92}},"23":{"start":{"line":37,"column":12},"end":{"line":39,"column":13}},"24":{"start":{"line":38,"column":16},"end":{"line":38,"column":75}},"25":{"start":{"line":40,"column":12},"end":{"line":40,"column":39}},"26":{"start":{"line":42,"column":12},"end":{"line":42,"column":86}},"27":{"start":{"line":46,"column":4},"end":{"line":56,"column":7}},"28":{"start":{"line":47,"column":8},"end":{"line":55,"column":11}},"29":{"start":{"line":48,"column":25},"end":{"line":48,"column":76}},"30":{"start":{"line":49,"column":12},"end":{"line":51,"column":13}},"31":{"start":{"line":50,"column":14},"end":{"line":50,"column":73}},"32":{"start":{"line":52,"column":12},"end":{"line":52,"column":39}},"33":{"start":{"line":54,"column":12},"end":{"line":54,"column":76}},"34":{"start":{"line":58,"column":4},"end":{"line":58,"column":18}}},"fnMap":{"0":{"name":"CartRouter","decl":{"start":{"line":5,"column":24},"end":{"line":5,"column":34}},"loc":{"start":{"line":5,"column":59},"end":{"line":59,"column":1}}},"1":{"name":"(anonymous_2)","decl":{"start":{"line":8,"column":33},"end":{"line":8,"column":38}},"loc":{"start":{"line":8,"column":52},"end":{"line":18,"column":5}}},"2":{"name":"(anonymous_3)","decl":{"start":{"line":20,"column":37},"end":{"line":20,"column":42}},"loc":{"start":{"line":20,"column":56},"end":{"line":31,"column":5}}},"3":{"name":"(anonymous_4)","decl":{"start":{"line":33,"column":53},"end":{"line":33,"column":58}},"loc":{"start":{"line":33,"column":72},"end":{"line":44,"column":5}}},"4":{"name":"(anonymous_5)","decl":{"start":{"line":46,"column":41},"end":{"line":46,"column":46}},"loc":{"start":{"line":46,"column":60},"end":{"line":56,"column":5}}}},"branchMap":{"0":{"loc":{"start":{"line":11,"column":12},"end":{"line":13,"column":13}},"type":"if","locations":[{"start":{"line":11,"column":12},"end":{"line":13,"column":13}}]},"1":{"loc":{"start":{"line":24,"column":12},"end":{"line":26,"column":13}},"type":"if","locations":[{"start":{"line":24,"column":12},"end":{"line":26,"column":13}}]},"2":{"loc":{"start":{"line":37,"column":12},"end":{"line":39,"column":13}},"type":"if","locations":[{"start":{"line":37,"column":12},"end":{"line":39,"column":13}}]},"3":{"loc":{"start":{"line":49,"column":12},"end":{"line":51,"column":13}},"type":"if","locations":[{"start":{"line":49,"column":12},"end":{"line":51,"column":13}}]}},"s":{"0":3,"1":3,"2":3,"3":3,"4":3,"5":1,"6":1,"7":1,"8":0,"9":1,"10":0,"11":3,"12":1,"13":1,"14":1,"15":1,"16":0,"17":1,"18":0,"19":3,"20":1,"21":1,"22":1,"23":1,"24":0,"25":1,"26":0,"27":3,"28":1,"29":1,"30":1,"31":0,"32":1,"33":0,"34":3},"f":{"0":3,"1":1,"2":1,"3":1,"4":1},"b":{"0":[0],"1":[0],"2":[0],"3":[0]}}
,"/home/hmars/repos/ecommerce-backend/src/server/domains/cart/service.ts": {"path":"/home/hmars/repos/ecommerce-backend/src/server/domains/cart/service.ts","statementMap":{"0":{"start":{"line":1,"column":0},"end":{"line":1,"column":32}},"1":{"start":{"line":2,"column":0},"end":{"line":2,"column":50}},"2":{"start":{"line":6,"column":26},"end":{"line":6,"column":115}},"3":{"start":{"line":7,"column":8},"end":{"line":7,"column":40}},"4":{"start":{"line":7,"column":23},"end":{"line":7,"column":40}},"5":{"start":{"line":8,"column":21},"end":{"line":8,"column":78}},"6":{"start":{"line":9,"column":8},"end":{"line":9,"column":33}},"7":{"start":{"line":13,"column":19},"end":{"line":13,"column":53}},"8":{"start":{"line":14,"column":8},"end":{"line":16,"column":9}},"9":{"start":{"line":15,"column":12},"end":{"line":15,"column":24}},"10":{"start":{"line":17,"column":29},"end":{"line":17,"column":91}},"11":{"start":{"line":17,"column":53},"end":{"line":17,"column":90}},"12":{"start":{"line":18,"column":8},"end":{"line":22,"column":9}},"13":{"start":{"line":19,"column":12},"end":{"line":19,"column":46}},"14":{"start":{"line":21,"column":12},"end":{"line":21,"column":98}},"15":{"start":{"line":23,"column":8},"end":{"line":23,"column":33}},"16":{"start":{"line":27,"column":19},"end":{"line":27,"column":53}},"17":{"start":{"line":28,"column":8},"end":{"line":30,"column":9}},"18":{"start":{"line":29,"column":12},"end":{"line":29,"column":24}},"19":{"start":{"line":31,"column":8},"end":{"line":31,"column":78}},"20":{"start":{"line":31,"column":47},"end":{"line":31,"column":76}},"21":{"start":{"line":32,"column":8},"end":{"line":32,"column":33}},"22":{"start":{"line":36,"column":19},"end":{"line":36,"column":53}},"23":{"start":{"line":37,"column":8},"end":{"line":39,"column":9}},"24":{"start":{"line":38,"column":12},"end":{"line":38,"column":24}},"25":{"start":{"line":40,"column":8},"end":{"line":40,"column":24}},"26":{"start":{"line":41,"column":8},"end":{"line":41,"column":33}},"27":{"start":{"line":4,"column":0},"end":{"line":4,"column":21}}},"fnMap":{"0":{"name":"(anonymous_0)","decl":{"start":{"line":5,"column":4},"end":{"line":5,"column":9}},"loc":{"start":{"line":5,"column":40},"end":{"line":10,"column":5}}},"1":{"name":"(anonymous_1)","decl":{"start":{"line":12,"column":4},"end":{"line":12,"column":9}},"loc":{"start":{"line":12,"column":71},"end":{"line":24,"column":5}}},"2":{"name":"(anonymous_2)","decl":{"start":{"line":17,"column":45},"end":{"line":17,"column":49}},"loc":{"start":{"line":17,"column":53},"end":{"line":17,"column":90}}},"3":{"name":"(anonymous_3)","decl":{"start":{"line":26,"column":4},"end":{"line":26,"column":9}},"loc":{"start":{"line":26,"column":58},"end":{"line":33,"column":5}}},"4":{"name":"(anonymous_4)","decl":{"start":{"line":31,"column":39},"end":{"line":31,"column":43}},"loc":{"start":{"line":31,"column":47},"end":{"line":31,"column":76}}},"5":{"name":"(anonymous_5)","decl":{"start":{"line":35,"column":4},"end":{"line":35,"column":9}},"loc":{"start":{"line":35,"column":34},"end":{"line":42,"column":5}}}},"branchMap":{"0":{"loc":{"start":{"line":7,"column":8},"end":{"line":7,"column":40}},"type":"if","locations":[{"start":{"line":7,"column":8},"end":{"line":7,"column":40}}]},"1":{"loc":{"start":{"line":14,"column":8},"end":{"line":16,"column":9}},"type":"if","locations":[{"start":{"line":14,"column":8},"end":{"line":16,"column":9}}]},"2":{"loc":{"start":{"line":18,"column":8},"end":{"line":22,"column":9}},"type":"if","locations":[{"start":{"line":18,"column":8},"end":{"line":22,"column":9}},{"start":{"line":20,"column":15},"end":{"line":22,"column":9}}]},"3":{"loc":{"start":{"line":28,"column":8},"end":{"line":30,"column":9}},"type":"if","locations":[{"start":{"line":28,"column":8},"end":{"line":30,"column":9}}]},"4":{"loc":{"start":{"line":37,"column":8},"end":{"line":39,"column":9}},"type":"if","locations":[{"start":{"line":37,"column":8},"end":{"line":39,"column":9}}]}},"s":{"0":3,"1":3,"2":4,"3":4,"4":3,"5":1,"6":1,"7":1,"8":1,"9":0,"10":1,"11":0,"12":1,"13":0,"14":1,"15":1,"16":1,"17":1,"18":0,"19":1,"20":1,"21":1,"22":1,"23":1,"24":0,"25":1,"26":1,"27":3},"f":{"0":4,"1":1,"2":0,"3":1,"4":1,"5":1},"b":{"0":[3],"1":[0],"2":[0,1],"3":[0],"4":[0]}}
,"/home/hmars/repos/ecommerce-backend/src/server/domains/products/router.ts": {"path":"/home/hmars/repos/ecommerce-backend/src/server/domains/products/router.ts","statementMap":{"0":{"start":{"line":4,"column":0},"end":{"line":4,"column":24}},"1":{"start":{"line":1,"column":0},"end":{"line":1,"column":29}},"2":{"start":{"line":5,"column":19},"end":{"line":5,"column":27}},"3":{"start":{"line":7,"column":4},"end":{"line":14,"column":7}},"4":{"start":{"line":8,"column":8},"end":{"line":13,"column":9}},"5":{"start":{"line":9,"column":29},"end":{"line":9,"column":63}},"6":{"start":{"line":10,"column":12},"end":{"line":10,"column":43}},"7":{"start":{"line":12,"column":12},"end":{"line":12,"column":82}},"8":{"start":{"line":16,"column":4},"end":{"line":26,"column":7}},"9":{"start":{"line":17,"column":8},"end":{"line":25,"column":9}},"10":{"start":{"line":18,"column":28},"end":{"line":18,"column":78}},"11":{"start":{"line":19,"column":12},"end":{"line":21,"column":13}},"12":{"start":{"line":20,"column":16},"end":{"line":20,"column":78}},"13":{"start":{"line":22,"column":12},"end":{"line":22,"column":42}},"14":{"start":{"line":24,"column":12},"end":{"line":24,"column":81}},"15":{"start":{"line":28,"column":4},"end":{"line":35,"column":7}},"16":{"start":{"line":29,"column":8},"end":{"line":34,"column":9}},"17":{"start":{"line":30,"column":28},"end":{"line":30,"column":72}},"18":{"start":{"line":31,"column":12},"end":{"line":31,"column":42}},"19":{"start":{"line":33,"column":12},"end":{"line":33,"column":79}},"20":{"start":{"line":37,"column":4},"end":{"line":47,"column":7}},"21":{"start":{"line":38,"column":8},"end":{"line":46,"column":9}},"22":{"start":{"line":39,"column":28},"end":{"line":39,"column":87}},"23":{"start":{"line":40,"column":12},"end":{"line":42,"column":13}},"24":{"start":{"line":41,"column":16},"end":{"line":41,"column":78}},"25":{"start":{"line":43,"column":12},"end":{"line":43,"column":42}},"26":{"start":{"line":45,"column":12},"end":{"line":45,"column":79}},"27":{"start":{"line":49,"column":4},"end":{"line":59,"column":7}},"28":{"start":{"line":50,"column":8},"end":{"line":58,"column":9}},"29":{"start":{"line":51,"column":28},"end":{"line":51,"column":77}},"30":{"start":{"line":52,"column":12},"end":{"line":54,"column":13}},"31":{"start":{"line":53,"column":16},"end":{"line":53,"column":78}},"32":{"start":{"line":55,"column":12},"end":{"line":55,"column":78}},"33":{"start":{"line":57,"column":12},"end":{"line":57,"column":79}},"34":{"start":{"line":61,"column":4},"end":{"line":61,"column":18}}},"fnMap":{"0":{"name":"ProductRouter","decl":{"start":{"line":4,"column":24},"end":{"line":4,"column":37}},"loc":{"start":{"line":4,"column":68},"end":{"line":62,"column":1}}},"1":{"name":"(anonymous_2)","decl":{"start":{"line":7,"column":20},"end":{"line":7,"column":25}},"loc":{"start":{"line":7,"column":39},"end":{"line":14,"column":5}}},"2":{"name":"(anonymous_3)","decl":{"start":{"line":16,"column":23},"end":{"line":16,"column":28}},"loc":{"start":{"line":16,"column":42},"end":{"line":26,"column":5}}},"3":{"name":"(anonymous_4)","decl":{"start":{"line":28,"column":21},"end":{"line":28,"column":26}},"loc":{"start":{"line":28,"column":40},"end":{"line":35,"column":5}}},"4":{"name":"(anonymous_5)","decl":{"start":{"line":37,"column":23},"end":{"line":37,"column":28}},"loc":{"start":{"line":37,"column":42},"end":{"line":47,"column":5}}},"5":{"name":"(anonymous_6)","decl":{"start":{"line":49,"column":26},"end":{"line":49,"column":31}},"loc":{"start":{"line":49,"column":45},"end":{"line":59,"column":5}}}},"branchMap":{"0":{"loc":{"start":{"line":19,"column":12},"end":{"line":21,"column":13}},"type":"if","locations":[{"start":{"line":19,"column":12},"end":{"line":21,"column":13}}]},"1":{"loc":{"start":{"line":40,"column":12},"end":{"line":42,"column":13}},"type":"if","locations":[{"start":{"line":40,"column":12},"end":{"line":42,"column":13}}]},"2":{"loc":{"start":{"line":52,"column":12},"end":{"line":54,"column":13}},"type":"if","locations":[{"start":{"line":52,"column":12},"end":{"line":54,"column":13}}]}},"s":{"0":3,"1":3,"2":3,"3":3,"4":1,"5":1,"6":1,"7":0,"8":3,"9":1,"10":1,"11":1,"12":0,"13":1,"14":0,"15":3,"16":2,"17":2,"18":2,"19":0,"20":3,"21":1,"22":1,"23":1,"24":0,"25":1,"26":0,"27":3,"28":1,"29":1,"30":1,"31":0,"32":1,"33":0,"34":3},"f":{"0":3,"1":1,"2":1,"3":2,"4":1,"5":1},"b":{"0":[0],"1":[0],"2":[0]}}
,"/home/hmars/repos/ecommerce-backend/src/server/domains/products/service.ts": {"path":"/home/hmars/repos/ecommerce-backend/src/server/domains/products/service.ts","statementMap":{"0":{"start":{"line":1,"column":0},"end":{"line":1,"column":59}},"1":{"start":{"line":6,"column":8},"end":{"line":6,"column":43}},"2":{"start":{"line":10,"column":8},"end":{"line":10,"column":49}},"3":{"start":{"line":14,"column":24},"end":{"line":14,"column":48}},"4":{"start":{"line":15,"column":8},"end":{"line":15,"column":36}},"5":{"start":{"line":19,"column":8},"end":{"line":19,"column":86}},"6":{"start":{"line":23,"column":8},"end":{"line":23,"column":58}},"7":{"start":{"line":3,"column":0},"end":{"line":3,"column":21}}},"fnMap":{"0":{"name":"(anonymous_0)","decl":{"start":{"line":5,"column":4},"end":{"line":5,"column":9}},"loc":{"start":{"line":5,"column":21},"end":{"line":7,"column":5}}},"1":{"name":"(anonymous_1)","decl":{"start":{"line":9,"column":4},"end":{"line":9,"column":9}},"loc":{"start":{"line":9,"column":35},"end":{"line":11,"column":5}}},"2":{"name":"(anonymous_2)","decl":{"start":{"line":13,"column":4},"end":{"line":13,"column":9}},"loc":{"start":{"line":13,"column":54},"end":{"line":16,"column":5}}},"3":{"name":"(anonymous_3)","decl":{"start":{"line":18,"column":4},"end":{"line":18,"column":9}},"loc":{"start":{"line":18,"column":66},"end":{"line":20,"column":5}}},"4":{"name":"(anonymous_4)","decl":{"start":{"line":22,"column":4},"end":{"line":22,"column":9}},"loc":{"start":{"line":22,"column":34},"end":{"line":24,"column":5}}}},"branchMap":{},"s":{"0":3,"1":1,"2":1,"3":2,"4":2,"5":1,"6":1,"7":3},"f":{"0":1,"1":1,"2":2,"3":1,"4":1},"b":{}}
,"/home/hmars/repos/ecommerce-backend/src/server/helpers/httpError.ts": {"path":"/home/hmars/repos/ecommerce-backend/src/server/helpers/httpError.ts","statementMap":{"0":{"start":{"line":5,"column":3},"end":{"line":5,"column":18}},"1":{"start":{"line":6,"column":3},"end":{"line":6,"column":32}},"2":{"start":{"line":7,"column":3},"end":{"line":7,"column":37}},"3":{"start":{"line":8,"column":3},"end":{"line":8,"column":51}},"4":{"start":{"line":1,"column":0},"end":{"line":1,"column":21}}},"fnMap":{"0":{"name":"(anonymous_0)","decl":{"start":{"line":4,"column":1},"end":{"line":4,"column":13}},"loc":{"start":{"line":4,"column":48},"end":{"line":9,"column":2}}}},"branchMap":{},"s":{"0":2,"1":2,"2":2,"3":2,"4":3},"f":{"0":2},"b":{}}
,"/home/hmars/repos/ecommerce-backend/src/server/middleware/authenticate.ts": {"path":"/home/hmars/repos/ecommerce-backend/src/server/middleware/authenticate.ts","statementMap":{"0":{"start":{"line":2,"column":0},"end":{"line":2,"column":31}},"1":{"start":{"line":3,"column":0},"end":{"line":3,"column":36}},"2":{"start":{"line":5,"column":27},"end":{"line":17,"column":1}},"3":{"start":{"line":6,"column":18},"end":{"line":6,"column":57}},"4":{"start":{"line":7,"column":4},"end":{"line":9,"column":5}},"5":{"start":{"line":8,"column":8},"end":{"line":8,"column":70}},"6":{"start":{"line":10,"column":4},"end":{"line":16,"column":7}},"7":{"start":{"line":11,"column":8},"end":{"line":13,"column":9}},"8":{"start":{"line":12,"column":12},"end":{"line":12,"column":69}},"9":{"start":{"line":14,"column":8},"end":{"line":14,"column":38}},"10":{"start":{"line":15,"column":8},"end":{"line":15,"column":15}},"11":{"start":{"line":5,"column":13},"end":{"line":5,"column":27}}},"fnMap":{"0":{"name":"(anonymous_1)","decl":{"start":{"line":5,"column":27},"end":{"line":5,"column":28}},"loc":{"start":{"line":5,"column":79},"end":{"line":17,"column":1}}},"1":{"name":"(anonymous_2)","decl":{"start":{"line":10,"column":41},"end":{"line":10,"column":42}},"loc":{"start":{"line":10,"column":58},"end":{"line":16,"column":5}}}},"branchMap":{"0":{"loc":{"start":{"line":7,"column":4},"end":{"line":9,"column":5}},"type":"if","locations":[{"start":{"line":7,"column":4},"end":{"line":9,"column":5}}]},"1":{"loc":{"start":{"line":11,"column":8},"end":{"line":13,"column":9}},"type":"if","locations":[{"start":{"line":11,"column":8},"end":{"line":13,"column":9}}]}},"s":{"0":3,"1":3,"2":3,"3":4,"4":4,"5":0,"6":4,"7":4,"8":0,"9":4,"10":4,"11":3},"f":{"0":4,"1":4},"b":{"0":[0],"1":[0]}}
,"/home/hmars/repos/ecommerce-backend/src/server/middleware/error.ts": {"path":"/home/hmars/repos/ecommerce-backend/src/server/middleware/error.ts","statementMap":{"0":{"start":{"line":4,"column":0},"end":{"line":4,"column":24}},"1":{"start":{"line":2,"column":0},"end":{"line":2,"column":45}},"2":{"start":{"line":5,"column":1},"end":{"line":10,"column":2}},"3":{"start":{"line":6,"column":3},"end":{"line":6,"column":61}},"4":{"start":{"line":8,"column":3},"end":{"line":8,"column":22}},"5":{"start":{"line":9,"column":3},"end":{"line":9,"column":62}}},"fnMap":{"0":{"name":"errorHandler","decl":{"start":{"line":4,"column":24},"end":{"line":4,"column":36}},"loc":{"start":{"line":4,"column":94},"end":{"line":11,"column":3}}}},"branchMap":{"0":{"loc":{"start":{"line":5,"column":1},"end":{"line":10,"column":2}},"type":"if","locations":[{"start":{"line":5,"column":1},"end":{"line":10,"column":2}},{"start":{"line":7,"column":8},"end":{"line":10,"column":2}}]}},"s":{"0":3,"1":3,"2":2,"3":2,"4":0,"5":0},"f":{"0":2},"b":{"0":[2,0]}}
,"/home/hmars/repos/ecommerce-backend/src/server/models/cart.ts": {"path":"/home/hmars/repos/ecommerce-backend/src/server/models/cart.ts","statementMap":{"0":{"start":{"line":1,"column":0},"end":{"line":1,"column":58}},"1":{"start":{"line":17,"column":23},"end":{"line":20,"column":2}},"2":{"start":{"line":22,"column":19},"end":{"line":27,"column":2}},"3":{"start":{"line":29,"column":0},"end":{"line":29,"column":48}},"4":{"start":{"line":31,"column":13},"end":{"line":31,"column":53}}},"fnMap":{},"branchMap":{},"s":{"0":3,"1":3,"2":3,"3":3,"4":3},"f":{},"b":{}}
,"/home/hmars/repos/ecommerce-backend/src/server/models/product.ts": {"path":"/home/hmars/repos/ecommerce-backend/src/server/models/product.ts","statementMap":{"0":{"start":{"line":1,"column":0},"end":{"line":1,"column":51}},"1":{"start":{"line":14,"column":22},"end":{"line":23,"column":2}},"2":{"start":{"line":25,"column":0},"end":{"line":25,"column":51}},"3":{"start":{"line":27,"column":13},"end":{"line":27,"column":65}}},"fnMap":{},"branchMap":{},"s":{"0":3,"1":3,"2":3,"3":3},"f":{},"b":{}}
,"/home/hmars/repos/ecommerce-backend/src/server/models/user.ts": {"path":"/home/hmars/repos/ecommerce-backend/src/server/models/user.ts","statementMap":{"0":{"start":{"line":1,"column":0},"end":{"line":1,"column":51}},"1":{"start":{"line":11,"column":13},"end":{"line":16,"column":20}},"2":{"start":{"line":18,"column":0},"end":{"line":18,"column":48}},"3":{"start":{"line":20,"column":0},"end":{"line":26,"column":null}},"4":{"start":{"line":21,"column":4},"end":{"line":25,"column":null}},"5":{"start":{"line":28,"column":13},"end":{"line":28,"column":53}}},"fnMap":{"0":{"name":"(anonymous_0)","decl":{"start":{"line":20,"column":29},"end":{"line":20,"column":null}},"loc":{"start":{"line":20,"column":29},"end":{"line":26,"column":1}}}},"branchMap":{},"s":{"0":3,"1":3,"2":3,"3":3,"4":2,"5":3},"f":{"0":2},"b":{}}
}
