TN:
SF:src/config.ts
FNF:0
FNH:0
DA:1,3
LF:1
LH:1
BRDA:2,0,0,3
BRDA:2,0,1,3
BRDA:3,1,0,0
BRDA:3,1,1,3
BRDA:4,2,0,3
BRDA:4,2,1,3
BRDA:5,3,0,3
BRDA:5,3,1,3
BRF:8
BRH:7
end_of_record
TN:
SF:src/server/index.ts
FN:13,(anonymous_1)
FN:29,(anonymous_2)
FNF:2
FNH:1
FNDA:3,(anonymous_1)
FNDA:0,(anonymous_2)
DA:1,3
DA:2,3
DA:3,3
DA:4,3
DA:5,3
DA:7,3
DA:8,3
DA:10,3
DA:14,3
DA:16,3
DA:17,3
DA:18,3
DA:19,3
DA:20,3
DA:21,3
DA:22,3
DA:24,3
DA:26,3
DA:30,0
DA:31,0
LF:20
LH:18
BRF:0
BRH:0
end_of_record
TN:
SF:src/server/router.ts
FN:15,Router
FN:22,(anonymous_2)
FN:26,(anonymous_3)
FNF:3
FNH:1
FNDA:3,Router
FNDA:0,(anonymous_2)
FNDA:0,(anonymous_3)
DA:1,3
DA:3,3
DA:4,3
DA:5,3
DA:7,3
DA:8,3
DA:9,3
DA:11,3
DA:12,3
DA:13,3
DA:15,3
DA:16,3
DA:18,3
DA:19,3
DA:20,3
DA:22,3
DA:23,0
DA:26,3
DA:27,0
DA:30,3
LF:20
LH:18
BRF:0
BRH:0
end_of_record
TN:
SF:src/server/domains/auth/route.ts
FN:5,AuthRouter
FN:8,(anonymous_2)
FN:22,(anonymous_3)
FNF:3
FNH:3
FNDA:3,AuthRouter
FNDA:3,(anonymous_2)
FNDA:3,(anonymous_3)
DA:1,3
DA:2,3
DA:5,3
DA:6,3
DA:8,3
DA:9,3
DA:10,3
DA:11,3
DA:13,3
DA:15,3
DA:16,2
DA:18,1
DA:22,3
DA:23,3
DA:24,3
DA:25,3
DA:27,3
DA:29,3
DA:30,2
DA:32,1
DA:36,3
LF:21
LH:21
BRDA:13,0,0,0
BRDA:13,1,0,3
BRDA:13,1,1,3
BRDA:27,2,0,0
BRDA:27,3,0,3
BRDA:27,3,1,3
BRF:6
BRH:4
end_of_record
TN:
SF:src/server/domains/auth/service.ts
FN:10,(anonymous_1)
FN:19,(anonymous_2)
FNF:2
FNH:2
FNDA:3,(anonymous_1)
FNDA:3,(anonymous_2)
DA:1,3
DA:2,3
DA:4,3
DA:5,3
DA:6,3
DA:8,3
DA:11,3
DA:12,3
DA:14,2
DA:15,2
DA:16,2
DA:20,3
DA:21,3
DA:23,3
DA:24,3
DA:26,2
DA:27,2
LF:17
LH:17
BRDA:12,0,0,1
BRDA:21,1,0,0
BRDA:24,2,0,1
BRF:3
BRH:2
end_of_record
TN:
SF:src/server/domains/cart/router.ts
FN:5,CartRouter
FN:8,(anonymous_2)
FN:20,(anonymous_3)
FN:33,(anonymous_4)
FN:46,(anonymous_5)
FNF:5
FNH:5
FNDA:3,CartRouter
FNDA:1,(anonymous_2)
FNDA:1,(anonymous_3)
FNDA:1,(anonymous_4)
FNDA:1,(anonymous_5)
DA:1,3
DA:3,3
DA:5,3
DA:6,3
DA:8,3
DA:9,1
DA:10,1
DA:11,1
DA:12,0
DA:14,1
DA:16,0
DA:20,3
DA:21,1
DA:22,1
DA:23,1
DA:24,1
DA:25,0
DA:27,1
DA:29,0
DA:33,3
DA:34,1
DA:35,1
DA:36,1
DA:37,1
DA:38,0
DA:40,1
DA:42,0
DA:46,3
DA:47,1
DA:48,1
DA:49,1
DA:50,0
DA:52,1
DA:54,0
DA:58,3
LF:35
LH:27
BRDA:11,0,0,0
BRDA:24,1,0,0
BRDA:37,2,0,0
BRDA:49,3,0,0
BRF:4
BRH:0
end_of_record
TN:
SF:src/server/domains/cart/service.ts
FN:5,(anonymous_0)
FN:12,(anonymous_1)
FN:17,(anonymous_2)
FN:26,(anonymous_3)
FN:31,(anonymous_4)
FN:35,(anonymous_5)
FNF:6
FNH:5
FNDA:4,(anonymous_0)
FNDA:1,(anonymous_1)
FNDA:0,(anonymous_2)
FNDA:1,(anonymous_3)
FNDA:1,(anonymous_4)
FNDA:1,(anonymous_5)
DA:1,3
DA:2,3
DA:4,3
DA:6,4
DA:7,4
DA:8,1
DA:9,1
DA:13,1
DA:14,1
DA:15,0
DA:17,1
DA:18,1
DA:19,0
DA:21,1
DA:23,1
DA:27,1
DA:28,1
DA:29,0
DA:31,1
DA:32,1
DA:36,1
DA:37,1
DA:38,0
DA:40,1
DA:41,1
LF:25
LH:21
BRDA:7,0,0,3
BRDA:14,1,0,0
BRDA:18,2,0,0
BRDA:18,2,1,1
BRDA:28,3,0,0
BRDA:37,4,0,0
BRF:6
BRH:2
end_of_record
TN:
SF:src/server/domains/products/router.ts
FN:4,ProductRouter
FN:7,(anonymous_2)
FN:16,(anonymous_3)
FN:28,(anonymous_4)
FN:37,(anonymous_5)
FN:49,(anonymous_6)
FNF:6
FNH:6
FNDA:3,ProductRouter
FNDA:1,(anonymous_2)
FNDA:1,(anonymous_3)
FNDA:2,(anonymous_4)
FNDA:1,(anonymous_5)
FNDA:1,(anonymous_6)
DA:1,3
DA:4,3
DA:5,3
DA:7,3
DA:8,1
DA:9,1
DA:10,1
DA:12,0
DA:16,3
DA:17,1
DA:18,1
DA:19,1
DA:20,0
DA:22,1
DA:24,0
DA:28,3
DA:29,2
DA:30,2
DA:31,2
DA:33,0
DA:37,3
DA:38,1
DA:39,1
DA:40,1
DA:41,0
DA:43,1
DA:45,0
DA:49,3
DA:50,1
DA:51,1
DA:52,1
DA:53,0
DA:55,1
DA:57,0
DA:61,3
LF:35
LH:27
BRDA:19,0,0,0
BRDA:40,1,0,0
BRDA:52,2,0,0
BRF:3
BRH:0
end_of_record
TN:
SF:src/server/domains/products/service.ts
FN:5,(anonymous_0)
FN:9,(anonymous_1)
FN:13,(anonymous_2)
FN:18,(anonymous_3)
FN:22,(anonymous_4)
FNF:5
FNH:5
FNDA:1,(anonymous_0)
FNDA:1,(anonymous_1)
FNDA:2,(anonymous_2)
FNDA:1,(anonymous_3)
FNDA:1,(anonymous_4)
DA:1,3
DA:3,3
DA:6,1
DA:10,1
DA:14,2
DA:15,2
DA:19,1
DA:23,1
LF:8
LH:8
BRF:0
BRH:0
end_of_record
TN:
SF:src/server/helpers/httpError.ts
FN:4,(anonymous_0)
FNF:1
FNH:1
FNDA:2,(anonymous_0)
DA:1,3
DA:5,2
DA:6,2
DA:7,2
DA:8,2
LF:5
LH:5
BRF:0
BRH:0
end_of_record
TN:
SF:src/server/middleware/authenticate.ts
FN:5,(anonymous_1)
FN:10,(anonymous_2)
FNF:2
FNH:2
FNDA:4,(anonymous_1)
FNDA:4,(anonymous_2)
DA:2,3
DA:3,3
DA:5,3
DA:6,4
DA:7,4
DA:8,0
DA:10,4
DA:11,4
DA:12,0
DA:14,4
DA:15,4
LF:11
LH:9
BRDA:7,0,0,0
BRDA:11,1,0,0
BRF:2
BRH:0
end_of_record
TN:
SF:src/server/middleware/error.ts
FN:4,errorHandler
FNF:1
FNH:1
FNDA:2,errorHandler
DA:2,3
DA:4,3
DA:5,2
DA:6,2
DA:8,0
DA:9,0
LF:6
LH:4
BRDA:5,0,0,2
BRDA:5,0,1,0
BRF:2
BRH:1
end_of_record
TN:
SF:src/server/models/cart.ts
FNF:0
FNH:0
DA:1,3
DA:17,3
DA:22,3
DA:29,3
DA:31,3
LF:5
LH:5
BRF:0
BRH:0
end_of_record
TN:
SF:src/server/models/product.ts
FNF:0
FNH:0
DA:1,3
DA:14,3
DA:25,3
DA:27,3
LF:4
LH:4
BRF:0
BRH:0
end_of_record
TN:
SF:src/server/models/user.ts
FN:20,(anonymous_0)
FNF:1
FNH:1
FNDA:2,(anonymous_0)
DA:1,3
DA:11,3
DA:18,3
DA:20,3
DA:21,2
DA:28,3
LF:6
LH:6
BRF:0
BRH:0
end_of_record
